21:31:27 **** Incremental Build of configuration Debug for project ManageAudio ****
make all 
Building file: ../src/lc75710.c
Invoking: AVR Compiler
avr-gcc -Wall -g2 -gstabs -Os -ffunction-sections -fdata-sections -ffunction-sections -fdata-sections -std=gnu99 -mmcu=atmega8 -DF_CPU=12000000UL -MMD -MP -MF"src/lc75710.d" -MT"src/lc75710.d" -c -o "src/lc75710.o" "../src/lc75710.c"
Finished building: ../src/lc75710.c
 
Building file: ../src/lc75710_graphics.c
Invoking: AVR Compiler
avr-gcc -Wall -g2 -gstabs -Os -ffunction-sections -fdata-sections -ffunction-sections -fdata-sections -std=gnu99 -mmcu=atmega8 -DF_CPU=12000000UL -MMD -MP -MF"src/lc75710_graphics.d" -MT"src/lc75710_graphics.d" -c -o "src/lc75710_graphics.o" "../src/lc75710_graphics.c"
Finished building: ../src/lc75710_graphics.c
 
Building file: ../src/ma_audio.c
Invoking: AVR Compiler
avr-gcc -Wall -g2 -gstabs -Os -ffunction-sections -fdata-sections -ffunction-sections -fdata-sections -std=gnu99 -mmcu=atmega8 -DF_CPU=12000000UL -MMD -MP -MF"src/ma_audio.d" -MT"src/ma_audio.d" -c -o "src/ma_audio.o" "../src/ma_audio.c"
In file included from ../src/ma_audio.c:32:0:
../src/ffft.h:26:1: warning: ‘prog_int16_t’ is deprecated: prog_int16_t type is deprecated. [-Wdeprecated-declarations]
 extern const prog_int16_t tbl_window[];
 ^
In file included from ../src/ma_audio.c:37:0:
/usr/lib/avr/include/avr/delay.h:36:2: warning: #warning "This file has been moved to <util/delay.h>." [-Wcpp]
 #warning "This file has been moved to <util/delay.h>."
  ^
Finished building: ../src/ma_audio.c
 
Building file: ../src/ma_gui.c
Invoking: AVR Compiler
avr-gcc -Wall -g2 -gstabs -Os -ffunction-sections -fdata-sections -ffunction-sections -fdata-sections -std=gnu99 -mmcu=atmega8 -DF_CPU=12000000UL -MMD -MP -MF"src/ma_gui.d" -MT"src/ma_gui.d" -c -o "src/ma_gui.o" "../src/ma_gui.c"
Finished building: ../src/ma_gui.c
 
Building file: ../src/ma_util.c
Invoking: AVR Compiler
avr-gcc -Wall -g2 -gstabs -Os -ffunction-sections -fdata-sections -ffunction-sections -fdata-sections -std=gnu99 -mmcu=atmega8 -DF_CPU=12000000UL -MMD -MP -MF"src/ma_util.d" -MT"src/ma_util.d" -c -o "src/ma_util.o" "../src/ma_util.c"
Finished building: ../src/ma_util.c
 
Building file: ../src/manage_audio.c
Invoking: AVR Compiler
avr-gcc -Wall -g2 -gstabs -Os -ffunction-sections -fdata-sections -ffunction-sections -fdata-sections -std=gnu99 -mmcu=atmega8 -DF_CPU=12000000UL -MMD -MP -MF"src/manage_audio.d" -MT"src/manage_audio.d" -c -o "src/manage_audio.o" "../src/manage_audio.c"
Finished building: ../src/manage_audio.c
 
Building file: ../src/string_table.c
Invoking: AVR Compiler
avr-gcc -Wall -g2 -gstabs -Os -ffunction-sections -fdata-sections -ffunction-sections -fdata-sections -std=gnu99 -mmcu=atmega8 -DF_CPU=12000000UL -MMD -MP -MF"src/string_table.d" -MT"src/string_table.d" -c -o "src/string_table.o" "../src/string_table.c"
Finished building: ../src/string_table.c
 
Building file: ../src/system.c
Invoking: AVR Compiler
avr-gcc -Wall -g2 -gstabs -Os -ffunction-sections -fdata-sections -ffunction-sections -fdata-sections -std=gnu99 -mmcu=atmega8 -DF_CPU=12000000UL -MMD -MP -MF"src/system.d" -MT"src/system.d" -c -o "src/system.o" "../src/system.c"
Finished building: ../src/system.c
 
Building file: ../src/time.c
Invoking: AVR Compiler
avr-gcc -Wall -g2 -gstabs -Os -ffunction-sections -fdata-sections -ffunction-sections -fdata-sections -std=gnu99 -mmcu=atmega8 -DF_CPU=12000000UL -MMD -MP -MF"src/time.d" -MT"src/time.d" -c -o "src/time.o" "../src/time.c"
Finished building: ../src/time.c
 
Building target: ManageAudio.elf
Invoking: AVR C++ Linker
avr-g++ -Wl,-Map,ManageAudio.map,--cref -mrelax -Wl,--gc-sections -Wl,--gc-sections -mmcu=atmega8 -o "ManageAudio.elf"  ./src/ffft.o ./src/lc75710.o ./src/lc75710_graphics.o ./src/ma_audio.o ./src/ma_gui.o ./src/ma_util.o ./src/manage_audio.o ./src/string_table.o ./src/system.o ./src/time.o ./src/uart.o   
Finished building target: ManageAudio.elf
 
Invoking: AVR Create Extended Listing
avr-objdump -h -S ManageAudio.elf  >"ManageAudio.lss"
Finished building: ManageAudio.lss
 
Create Flash image (ihex format)
avr-objcopy -R .eeprom -R .fuse -R .lock -R .signature -O ihex ManageAudio.elf  "ManageAudio.hex"
Finished building: ManageAudio.hex
 
Invoking: Print Size
avr-size --format=avr --mcu=atmega8 ManageAudio.elf
AVR Memory Usage
----------------
Device: atmega8

Program:    6790 bytes (82.9% Full)
(.text + .data + .bootloader)

Data:        887 bytes (86.6% Full)
(.data + .bss + .noinit)


Finished building: sizedummy
 

21:31:28 Build Finished (took 758ms)

